{
  "0 debug pnpm:scope": {
    "selected": 1
  },
  "1 error pnpm": {
    "code": "ELIFECYCLE",
    "errno": "ENOENT",
    "syscall": "spawn",
    "file": "sh",
    "pkgid": "ho@1.0.0",
    "stage": "dev",
    "script": "NODE_ENV=development webpack-dev-server --config ./webpack.config.js --mode=development",
    "pkgname": "ho",
    "err": {
      "name": "pnpm",
      "message": "ho@1.0.0 dev: `NODE_ENV=development webpack-dev-server --config ./webpack.config.js --mode=development`\nspawn ENOENT",
      "code": "ELIFECYCLE",
      "stack": "pnpm: ho@1.0.0 dev: `NODE_ENV=development webpack-dev-server --config ./webpack.config.js --mode=development`\nspawn ENOENT\n    at ChildProcess.<anonymous> (/data/data/com.termux/files/usr/lib/node_modules/pnpm/dist/pnpm.cjs:91780:22)\n    at ChildProcess.emit (node:events:520:28)\n    at maybeClose (node:internal/child_process:1090:16)\n    at Process.ChildProcess._handle.onexit (node:internal/child_process:302:5)"
    }
  }
}